  Browser.cpp
C:\Users\ippok\Desktop\FilmBrowser\FilmBrowser\FilmBrowser\Browser.cpp(10,41): warning C4244: 'argument': conversion from 'int' to 'float', possible loss of data
C:\Users\ippok\Desktop\FilmBrowser\FilmBrowser\FilmBrowser\Browser.cpp(11,41): warning C4244: 'argument': conversion from 'int' to 'float', possible loss of data
  Button.cpp
C:\Users\ippok\Desktop\FilmBrowser\FilmBrowser\FilmBrowser\Button.cpp(8,41): warning C4244: 'argument': conversion from 'int' to 'float', possible loss of data
C:\Users\ippok\Desktop\FilmBrowser\FilmBrowser\FilmBrowser\Button.cpp(9,41): warning C4244: 'argument': conversion from 'int' to 'float', possible loss of data
C:\Users\ippok\Desktop\FilmBrowser\FilmBrowser\FilmBrowser\Button.cpp(51,41): warning C4244: 'argument': conversion from 'int' to 'float', possible loss of data
C:\Users\ippok\Desktop\FilmBrowser\FilmBrowser\FilmBrowser\Button.cpp(52,41): warning C4244: 'argument': conversion from 'int' to 'float', possible loss of data
C:\Users\ippok\Desktop\FilmBrowser\FilmBrowser\FilmBrowser\Button.cpp(89,41): warning C4244: 'argument': conversion from 'int' to 'float', possible loss of data
C:\Users\ippok\Desktop\FilmBrowser\FilmBrowser\FilmBrowser\Button.cpp(90,41): warning C4244: 'argument': conversion from 'int' to 'float', possible loss of data
  Dock.cpp
  Line.cpp
C:\Users\ippok\Desktop\FilmBrowser\FilmBrowser\FilmBrowser\Line.cpp(9,41): warning C4244: 'argument': conversion from 'int' to 'float', possible loss of data
C:\Users\ippok\Desktop\FilmBrowser\FilmBrowser\FilmBrowser\Line.cpp(10,41): warning C4244: 'argument': conversion from 'int' to 'float', possible loss of data
C:\Users\ippok\Desktop\FilmBrowser\FilmBrowser\FilmBrowser\Line.cpp(69,41): warning C4244: 'argument': conversion from 'int' to 'float', possible loss of data
C:\Users\ippok\Desktop\FilmBrowser\FilmBrowser\FilmBrowser\Line.cpp(70,41): warning C4244: 'argument': conversion from 'int' to 'float', possible loss of data
  main.cpp
  Spinner.cpp
C:\Users\ippok\Desktop\FilmBrowser\FilmBrowser\FilmBrowser\Spinner.cpp(9,41): warning C4244: 'argument': conversion from 'int' to 'float', possible loss of data
C:\Users\ippok\Desktop\FilmBrowser\FilmBrowser\FilmBrowser\Spinner.cpp(10,41): warning C4244: 'argument': conversion from 'int' to 'float', possible loss of data
  TextField.cpp
C:\Users\ippok\Desktop\FilmBrowser\FilmBrowser\FilmBrowser\TextField.cpp(10,41): warning C4244: 'argument': conversion from 'int' to 'float', possible loss of data
C:\Users\ippok\Desktop\FilmBrowser\FilmBrowser\FilmBrowser\TextField.cpp(11,41): warning C4244: 'argument': conversion from 'int' to 'float', possible loss of data
C:\Users\ippok\Desktop\FilmBrowser\FilmBrowser\FilmBrowser\TextField.cpp(56,41): warning C4244: 'argument': conversion from 'int' to 'float', possible loss of data
C:\Users\ippok\Desktop\FilmBrowser\FilmBrowser\FilmBrowser\TextField.cpp(57,41): warning C4244: 'argument': conversion from 'int' to 'float', possible loss of data
C:\Users\ippok\Desktop\FilmBrowser\FilmBrowser\FilmBrowser\TextField.cpp(100,41): warning C4244: 'argument': conversion from 'int' to 'float', possible loss of data
C:\Users\ippok\Desktop\FilmBrowser\FilmBrowser\FilmBrowser\TextField.cpp(101,41): warning C4244: 'argument': conversion from 'int' to 'float', possible loss of data
  Generating Code...
sggd.lib(graphics.obj) : warning LNK4099: PDB 'sggd.pdb' was not found with 'sggd.lib(graphics.obj)' or at 'C:\Users\ippok\Desktop\FilmBrowser\FilmBrowser\bin\sggd.pdb'; linking object as if no debug info
sggd.lib(GLbackend.obj) : warning LNK4099: PDB 'sggd.pdb' was not found with 'sggd.lib(GLbackend.obj)' or at 'C:\Users\ippok\Desktop\FilmBrowser\FilmBrowser\bin\sggd.pdb'; linking object as if no debug info
sggd.lib(shader.obj) : warning LNK4099: PDB 'sggd.pdb' was not found with 'sggd.lib(shader.obj)' or at 'C:\Users\ippok\Desktop\FilmBrowser\FilmBrowser\bin\sggd.pdb'; linking object as if no debug info
sggd.lib(fonts.obj) : warning LNK4099: PDB 'sggd.pdb' was not found with 'sggd.lib(fonts.obj)' or at 'C:\Users\ippok\Desktop\FilmBrowser\FilmBrowser\bin\sggd.pdb'; linking object as if no debug info
sggd.lib(texture.obj) : warning LNK4099: PDB 'sggd.pdb' was not found with 'sggd.lib(texture.obj)' or at 'C:\Users\ippok\Desktop\FilmBrowser\FilmBrowser\bin\sggd.pdb'; linking object as if no debug info
sggd.lib(AudioManager.obj) : warning LNK4099: PDB 'sggd.pdb' was not found with 'sggd.lib(AudioManager.obj)' or at 'C:\Users\ippok\Desktop\FilmBrowser\FilmBrowser\bin\sggd.pdb'; linking object as if no debug info
sggd.lib(lodepng.obj) : warning LNK4099: PDB 'sggd.pdb' was not found with 'sggd.lib(lodepng.obj)' or at 'C:\Users\ippok\Desktop\FilmBrowser\FilmBrowser\bin\sggd.pdb'; linking object as if no debug info
  FilmBrowser.vcxproj -> C:\Users\ippok\Desktop\FilmBrowser\FilmBrowser\bin\FilmBrowserd.exe
